TN:
SF:config\constants.js
FN:33,roleMeetsMinimum
FN:40,hasPermission
FNF:2
FNH:1
FNDA:0,roleMeetsMinimum
FNDA:1,hasPermission
DA:1,1
DA:8,1
DA:10,1
DA:20,1
DA:22,1
DA:34,0
DA:35,0
DA:36,0
DA:37,0
DA:41,1
DA:42,1
DA:43,1
LF:12
LH:8
BRDA:36,0,0,0
BRDA:36,0,1,0
BRDA:36,1,0,0
BRDA:36,1,1,0
BRDA:41,2,0,1
BRDA:41,2,1,0
BRDA:42,3,0,0
BRDA:42,3,1,1
BRF:8
BRH:2
end_of_record
TN:
SF:services\todoAccessService.js
FN:6,buildListFilter
FN:16,canAccessTodo
FN:26,canAssignTodo
FNF:3
FNH:1
FNDA:1,buildListFilter
FNDA:0,canAccessTodo
FNDA:0,canAssignTodo
DA:7,1
DA:8,0
DA:10,1
DA:11,1
DA:17,0
DA:18,0
DA:20,0
DA:21,0
DA:22,0
DA:23,0
DA:27,0
LF:11
LH:3
BRDA:7,0,0,0
BRDA:7,0,1,1
BRDA:7,1,0,1
BRDA:7,1,1,1
BRDA:17,2,0,0
BRDA:17,2,1,0
BRDA:17,3,0,0
BRDA:17,3,1,0
BRDA:21,4,0,0
BRDA:21,4,1,0
BRDA:22,5,0,0
BRDA:22,5,1,0
BRDA:22,6,0,0
BRDA:22,6,1,0
BRDA:23,7,0,0
BRDA:23,7,1,0
BRDA:27,8,0,0
BRDA:27,8,1,0
BRF:18
BRH:3
end_of_record
TN:
SF:services\todoQueryService.js
FN:4,decodeCursor
FN:15,encodeCursor
FN:24,buildTodoQuery
FN:47,parseSort
FN:66,applyCursorFilter
FNF:5
FNH:5
FNDA:1,decodeCursor
FNDA:1,encodeCursor
FNDA:1,buildTodoQuery
FNDA:1,parseSort
FNDA:1,applyCursorFilter
DA:5,1
DA:6,1
DA:7,1
DA:8,1
DA:9,1
DA:11,0
DA:16,1
DA:17,1
DA:21,1
DA:25,1
DA:27,1
DA:28,1
DA:29,1
DA:30,1
DA:31,0
DA:33,1
DA:34,0
DA:35,0
DA:36,0
DA:37,0
DA:39,1
DA:40,0
DA:43,1
DA:44,1
DA:48,1
DA:49,1
DA:50,1
DA:51,1
DA:52,1
DA:53,1
DA:54,1
DA:55,0
DA:56,0
DA:59,1
DA:60,0
DA:62,1
DA:63,1
DA:67,1
DA:68,1
DA:74,1
DA:75,0
DA:77,1
LF:42
LH:31
BRDA:5,0,0,0
BRDA:5,0,1,1
BRDA:16,1,0,0
BRDA:16,1,1,1
BRDA:16,2,0,1
BRDA:16,2,1,1
BRDA:27,3,0,1
BRDA:27,3,1,0
BRDA:28,4,0,1
BRDA:28,4,1,0
BRDA:29,5,0,0
BRDA:29,5,1,1
BRDA:30,6,0,0
BRDA:30,6,1,1
BRDA:33,7,0,0
BRDA:33,7,1,1
BRDA:33,8,0,1
BRDA:33,8,1,1
BRDA:35,9,0,0
BRDA:35,9,1,0
BRDA:36,10,0,0
BRDA:36,10,1,0
BRDA:39,11,0,0
BRDA:39,11,1,1
BRDA:43,12,0,0
BRDA:43,12,1,1
BRDA:49,13,0,1
BRDA:49,13,1,1
BRDA:52,14,0,1
BRDA:52,14,1,0
BRDA:54,15,0,1
BRDA:54,15,1,0
BRDA:55,16,0,0
BRDA:55,16,1,0
BRDA:59,17,0,0
BRDA:59,17,1,1
BRDA:62,18,0,1
BRDA:62,18,1,0
BRDA:67,19,0,0
BRDA:67,19,1,1
BRDA:74,20,0,0
BRDA:74,20,1,1
BRF:42
BRH:21
end_of_record
TN:
SF:utils\AppError.js
FN:2,(anonymous_0)
FN:9,(anonymous_1)
FN:13,(anonymous_2)
FN:17,(anonymous_3)
FN:21,(anonymous_4)
FN:25,(anonymous_5)
FNF:6
FNH:2
FNDA:1,(anonymous_0)
FNDA:1,(anonymous_1)
FNDA:0,(anonymous_2)
FNDA:0,(anonymous_3)
FNDA:0,(anonymous_4)
FNDA:0,(anonymous_5)
DA:3,1
DA:4,1
DA:5,1
DA:6,1
DA:10,1
DA:14,0
DA:18,0
DA:22,0
DA:26,0
LF:9
LH:5
BRDA:2,0,0,0
BRDA:2,1,0,0
BRDA:9,2,0,0
BRDA:13,3,0,0
BRDA:13,4,0,0
BRDA:17,5,0,0
BRDA:17,6,0,0
BRDA:21,7,0,0
BRDA:21,8,0,0
BRDA:25,9,0,0
BRF:10
BRH:0
end_of_record
TN:
SF:utils\password.js
FN:4,validatePasswordStrength
FNF:1
FNH:1
FNDA:5,validatePasswordStrength
DA:2,1
DA:5,5
DA:6,5
LF:3
LH:3
BRDA:5,0,0,0
BRDA:5,0,1,5
BRF:2
BRH:1
end_of_record
